#
# A fatal error has been detected by the Java Runtime Environment:
#
#  Internal Error (javaCalls.cpp:51), pid=11472, tid=0x0000000000002c98
#  guarantee(thread->is_Java_thread()) failed: crucial check - the VM thread cannot and must not escape to Java code
#
# JRE version: Java(TM) SE Runtime Environment (8.0_251-b08) (build 1.8.0_251-b08)
# Java VM: Java HotSpot(TM) 64-Bit Server VM (25.251-b08 mixed mode windows-amd64 compressed oops)
# Failed to write core dump. Minidumps are not enabled by default on client versions of Windows
#
# If you would like to submit a bug report, please visit:
#   http://bugreport.java.com/bugreport/crash.jsp
#

---------------  T H R E A D  ---------------

Current thread (0x000000001c686800):  VMThread [stack: 0x000000001edc0000,0x000000001eec0000] [id=11416]

Stack: [0x000000001edc0000,0x000000001eec0000]
[error occurred during error reporting (printing stack bounds), id 0xc0000005]

Native frames: (J=compiled Java code, j=interpreted, Vv=VM code, C=native code)

VM_Operation (0x000000001f3bf090): GetOrSetLocal, mode: safepoint, requested by thread 0x000000001ddc7800


---------------  P R O C E S S  ---------------

Java Threads: ( => current thread )
  0x000000001def1800 JavaThread "Service Thread" daemon [_thread_blocked, id=2624, stack(0x000000001f9c0000,0x000000001fac0000)]
  0x000000001de6a800 JavaThread "C1 CompilerThread3" daemon [_thread_blocked, id=11528, stack(0x000000001f8c0000,0x000000001f9c0000)]
  0x000000001de69800 JavaThread "C2 CompilerThread2" daemon [_thread_blocked, id=11608, stack(0x000000001f7c0000,0x000000001f8c0000)]
  0x000000001de62800 JavaThread "C2 CompilerThread1" daemon [_thread_blocked, id=12140, stack(0x000000001f6c0000,0x000000001f7c0000)]
  0x000000001de62000 JavaThread "C2 CompilerThread0" daemon [_thread_blocked, id=11916, stack(0x000000001f5c0000,0x000000001f6c0000)]
  0x000000001ddd9800 JavaThread "JDWP Command Reader" daemon [_thread_in_native, id=12084, stack(0x000000001f4c0000,0x000000001f5c0000)]
  0x000000001ddd2800 JavaThread "JDWP Event Helper Thread" daemon [_thread_blocked, id=11512, stack(0x000000001f3c0000,0x000000001f4c0000)]
  0x000000001ddc7800 JavaThread "JDWP Transport Listener: dt_socket" daemon [_thread_blocked, id=10356, stack(0x000000001f2c0000,0x000000001f3c0000)]
  0x000000001ddba800 JavaThread "Attach Listener" daemon [_thread_blocked, id=11292, stack(0x000000001f1c0000,0x000000001f2c0000)]
  0x000000001dd6c800 JavaThread "Signal Dispatcher" daemon [_thread_blocked, id=1220, stack(0x000000001f0c0000,0x000000001f1c0000)]
  0x000000001dd53000 JavaThread "Finalizer" daemon [_thread_blocked, id=11380, stack(0x000000001efc0000,0x000000001f0c0000)]
  0x000000001c68d800 JavaThread "Reference Handler" daemon [_thread_blocked, id=12128, stack(0x000000001eec0000,0x000000001efc0000)]
  0x00000000029e2800 JavaThread "main" [_thread_blocked, id=5124, stack(0x0000000002730000,0x0000000002830000)]

Other Threads:
=>0x000000001c686800 VMThread [stack: 0x000000001edc0000,0x000000001eec0000] [id=11416]
  0x000000001df55800 WatcherThread [stack: 0x000000001fac0000,0x000000001fbc0000] [id=7116]

VM state:at safepoint (normal execution)

VM Mutex/Monitor currently owned by a thread:  ([mutex/lock_event])
[0x00000000028ddcc0] Threads_lock - owner thread: 0x000000001c686800

heap address: 0x00000006c2600000, size: 4058 MB, Compressed Oops mode: Zero based, Oop shift amount: 3
Narrow klass base: 0x0000000000000000, Narrow klass shift: 3
Compressed class space size: 1073741824 Address: 0x00000007c0000000

Heap:
 PSYoungGen      total 75776K, used 7803K [0x000000076b780000, 0x0000000770c00000, 0x00000007c0000000)
  eden space 65024K, 12% used [0x000000076b780000,0x000000076bf1ee10,0x000000076f700000)
  from space 10752K, 0% used [0x0000000770180000,0x0000000770180000,0x0000000770c00000)
  to   space 10752K, 0% used [0x000000076f700000,0x000000076f700000,0x0000000770180000)
 ParOldGen       total 173568K, used 0K [0x00000006c2600000, 0x00000006ccf80000, 0x000000076b780000)
  object space 173568K, 0% used [0x00000006c2600000,0x00000006c2600000,0x00000006ccf80000)
 Metaspace       used 4892K, capacity 4994K, committed 5248K, reserved 1056768K
  class space    used 526K, capacity 561K, committed 640K, reserved 1048576K

Card table byte_map: [0x0000000011ea0000,0x0000000012690000] byte_map_base: 0x000000000e88d000

Marking Bits: (ParMarkBitMap*) 0x000000006e1eaf90
 Begin Bits: [0x00000000135e0000, 0x0000000017548000)
 End Bits:   [0x0000000017548000, 0x000000001b4b0000)

Polling page: 0x00000000005d0000

CodeCache: size=245760Kb used=1372Kb max_used=1372Kb free=244387Kb
 bounds [0x0000000002ae0000, 0x0000000002d50000, 0x0000000011ae0000]
 total_blobs=415 nmethods=126 adapters=210
 compilation: enabled

Compilation events (10 events):
Event: 741.664 Thread 0x000000001de6a800  122       3       org.eclipse.jdt.launching.internal.org.objectweb.asm.Label::resolve (219 bytes)
Event: 741.664 Thread 0x000000001de6a800 nmethod 122 0x0000000002c32490 code [0x0000000002c32640, 0x0000000002c32bd0]
Event: 762.150 Thread 0x000000001de6a800  123       1       java.security.ProtectionDomain::getCodeSource (5 bytes)
Event: 762.150 Thread 0x000000001de6a800 nmethod 123 0x0000000002c321d0 code [0x0000000002c32320, 0x0000000002c32430]
Event: 762.150 Thread 0x000000001de6a800  124       3       org.eclipse.jdt.launching.internal.org.objectweb.asm.Label::accept (65 bytes)
Event: 762.151 Thread 0x000000001de6a800 nmethod 124 0x0000000002c366d0 code [0x0000000002c36880, 0x0000000002c36e08]
Event: 789.585 Thread 0x000000001de6a800  126       3       org.eclipse.jdt.launching.internal.org.objectweb.asm.ClassReader::readLabel (20 bytes)
Event: 789.585 Thread 0x000000001de6a800 nmethod 126 0x0000000002c37010 code [0x0000000002c371a0, 0x0000000002c375d0]
Event: 789.585 Thread 0x000000001de6a800  125       1       org.eclipse.jdt.launching.internal.org.objectweb.asm.SymbolTable::getMajorVersion (5 bytes)
Event: 789.585 Thread 0x000000001de6a800 nmethod 125 0x0000000002c37810 code [0x0000000002c37960, 0x0000000002c37a70]

GC Heap History (0 events):
No events

Deoptimization events (0 events):
No events

Classes redefined (10 events):
Event: 510.062 Thread 0x000000001c686800 redefined class name=com.koreait.hs.level2.ArrayOrder, count=3
Event: 516.579 Thread 0x000000001c686800 redefined class name=com.koreait.hs.level2.ArrayOrder, count=4
Event: 526.207 Thread 0x000000001c686800 redefined class name=com.koreait.hs.level2.ArrayOrder, count=5
Event: 547.210 Thread 0x000000001c686800 redefined class name=com.koreait.hs.level2.ArrayOrder, count=6
Event: 613.566 Thread 0x000000001c686800 redefined class name=com.koreait.hs.level2.ArrayOrder, count=7
Event: 636.034 Thread 0x000000001c686800 redefined class name=com.koreait.hs.level2.ArrayOrder, count=8
Event: 729.245 Thread 0x000000001c686800 redefined class name=com.koreait.hs.level2.ArrayOrder, count=9
Event: 741.663 Thread 0x000000001c686800 redefined class name=com.koreait.hs.level2.ArrayOrder, count=10
Event: 762.151 Thread 0x000000001c686800 redefined class name=com.koreait.hs.level2.ArrayOrder, count=11
Event: 789.585 Thread 0x000000001c686800 redefined class name=com.koreait.hs.level2.ArrayOrder, count=12

Internal exceptions (2 events):
Event: 0.021 Thread 0x00000000029e2800 Exception <a 'java/lang/NoSuchMethodError': Method sun.misc.Unsafe.defineClass(Ljava/lang/String;[BII)Ljava/lang/Class; name or signature does not match> (0x000000076b787cc0) thrown at [C:\jenkins\workspace\8-2-build-windows-amd64-cygwin\jdk8u251\737\hots
Event: 0.021 Thread 0x00000000029e2800 Exception <a 'java/lang/NoSuchMethodError': Method sun.misc.Unsafe.prefetchRead(Ljava/lang/Object;J)V name or signature does not match> (0x000000076b787fa8) thrown at [C:\jenkins\workspace\8-2-build-windows-amd64-cygwin\jdk8u251\737\hotspot\src\share\vm\p

Events (10 events):
Event: 762.178 Executing VM operation: GetOwnedMonitorInfo done
Event: 762.178 Executing VM operation: GetCurrentContendedMonitor
Event: 762.178 Executing VM operation: GetCurrentContendedMonitor done
Event: 789.585 Executing VM operation: RedefineClasses
Event: 789.585 Executing VM operation: RedefineClasses done
Event: 789.717 Executing VM operation: GetOwnedMonitorInfo
Event: 789.717 Executing VM operation: GetOwnedMonitorInfo done
Event: 789.717 Executing VM operation: GetCurrentContendedMonitor
Event: 789.717 Executing VM operation: GetCurrentContendedMonitor done
Event: 1020.796 Executing VM operation: GetOrSetLocal


Dynamic libraries:
0x00007ff6a85f0000 - 0x00007ff6a8627000 	C:\Program Files\Java\jre1.8.0_251\bin\javaw.exe
0x00007fff802f0000 - 0x00007fff804dd000 	C:\Windows\SYSTEM32\ntdll.dll
0x00007fff78c50000 - 0x00007fff78c63000 	C:\Program Files\AVG\Antivirus\aswhook.dll
0x00007fff7d930000 - 0x00007fff7d9e3000 	C:\Windows\System32\KERNEL32.DLL
0x00007fff7c590000 - 0x00007fff7c825000 	C:\Windows\System32\KERNELBASE.dll
0x00007fff7f9a0000 - 0x00007fff7fa43000 	C:\Windows\System32\ADVAPI32.dll
0x00007fff7d760000 - 0x00007fff7d7fe000 	C:\Windows\System32\msvcrt.dll
0x00007fff7d6c0000 - 0x00007fff7d75e000 	C:\Windows\System32\sechost.dll
0x00007fff7d800000 - 0x00007fff7d922000 	C:\Windows\System32\RPCRT4.dll
0x00007fff7ffa0000 - 0x00007fff80137000 	C:\Windows\System32\USER32.dll
0x00007fff7c830000 - 0x00007fff7c850000 	C:\Windows\System32\win32u.dll
0x00007fff7dbf0000 - 0x00007fff7dc19000 	C:\Windows\System32\GDI32.dll
0x00007fff7d190000 - 0x00007fff7d32a000 	C:\Windows\System32\gdi32full.dll
0x00007fff7d010000 - 0x00007fff7d0b0000 	C:\Windows\System32\msvcp_win.dll
0x00007fff7c3b0000 - 0x00007fff7c4aa000 	C:\Windows\System32\ucrtbase.dll
0x00007fff6b290000 - 0x00007fff6b509000 	C:\Windows\WinSxS\amd64_microsoft.windows.common-controls_6595b64144ccf1df_6.0.17763.1282_none_de75b6f253473c0f\COMCTL32.dll
0x00007fff7fab0000 - 0x00007fff7fddc000 	C:\Windows\System32\combase.dll
0x00007fff7c510000 - 0x00007fff7c58e000 	C:\Windows\System32\bcryptPrimitives.dll
0x00007fff7da70000 - 0x00007fff7da9e000 	C:\Windows\System32\IMM32.DLL
0x000000006d800000 - 0x000000006d8d2000 	C:\Program Files\Java\jre1.8.0_251\bin\msvcr100.dll
0x000000006d9c0000 - 0x000000006e26b000 	C:\Program Files\Java\jre1.8.0_251\bin\server\jvm.dll
0x00007fff7e3e0000 - 0x00007fff7e3e8000 	C:\Windows\System32\PSAPI.DLL
0x00007fff718c0000 - 0x00007fff718c9000 	C:\Windows\SYSTEM32\WSOCK32.dll
0x00007fff801f0000 - 0x00007fff8025d000 	C:\Windows\System32\WS2_32.dll
0x00007fff7a440000 - 0x00007fff7a464000 	C:\Windows\SYSTEM32\WINMM.dll
0x00007fff778e0000 - 0x00007fff778ea000 	C:\Windows\SYSTEM32\VERSION.dll
0x00007fff7a410000 - 0x00007fff7a43d000 	C:\Windows\SYSTEM32\WINMMBASE.dll
0x00007fff7cfc0000 - 0x00007fff7d00a000 	C:\Windows\System32\cfgmgr32.dll
0x00007fff70260000 - 0x00007fff7026f000 	C:\Program Files\Java\jre1.8.0_251\bin\verify.dll
0x00007fff61520000 - 0x00007fff61549000 	C:\Program Files\Java\jre1.8.0_251\bin\java.dll
0x00007fff68220000 - 0x00007fff68255000 	C:\Program Files\Java\jre1.8.0_251\bin\jdwp.dll
0x00007fff702e0000 - 0x00007fff702e8000 	C:\Program Files\Java\jre1.8.0_251\bin\npt.dll
0x00007fff66bd0000 - 0x00007fff66bf3000 	C:\Program Files\Java\jre1.8.0_251\bin\instrument.dll
0x00007fff61500000 - 0x00007fff61516000 	C:\Program Files\Java\jre1.8.0_251\bin\zip.dll
0x00007fff7e4a0000 - 0x00007fff7f998000 	C:\Windows\System32\SHELL32.dll
0x00007fff7e3f0000 - 0x00007fff7e498000 	C:\Windows\System32\shcore.dll
0x00007fff7c870000 - 0x00007fff7cfbf000 	C:\Windows\System32\windows.storage.dll
0x00007fff7c360000 - 0x00007fff7c384000 	C:\Windows\System32\profapi.dll
0x00007fff7c300000 - 0x00007fff7c35d000 	C:\Windows\System32\powrprof.dll
0x00007fff80260000 - 0x00007fff802b2000 	C:\Windows\System32\shlwapi.dll
0x00007fff7c2e0000 - 0x00007fff7c2f1000 	C:\Windows\System32\kernel.appcore.dll
0x00007fff7c850000 - 0x00007fff7c867000 	C:\Windows\System32\cryptsp.dll
0x00007fff702d0000 - 0x00007fff702d9000 	C:\Program Files\Java\jre1.8.0_251\bin\dt_socket.dll
0x00007fff69b10000 - 0x00007fff69b26000 	C:\Windows\system32\napinsp.dll
0x00007fff68550000 - 0x00007fff6856a000 	C:\Windows\system32\pnrpnsp.dll
0x00007fff7bae0000 - 0x00007fff7bb47000 	C:\Windows\System32\mswsock.dll
0x00007fff7b840000 - 0x00007fff7b907000 	C:\Windows\SYSTEM32\DNSAPI.dll
0x00007fff7e340000 - 0x00007fff7e348000 	C:\Windows\System32\NSI.dll
0x00007fff7b800000 - 0x00007fff7b83d000 	C:\Windows\SYSTEM32\IPHLPAPI.DLL
0x00007fff684f0000 - 0x00007fff684fe000 	C:\Windows\System32\winrnr.dll
0x00007fff78d80000 - 0x00007fff78d9b000 	C:\Windows\system32\NLAapi.dll
0x00007fff68340000 - 0x00007fff68355000 	C:\Windows\system32\wshbth.dll
0x00007fff74980000 - 0x00007fff749f9000 	C:\Windows\System32\fwpuclnt.dll
0x00007fff7d0b0000 - 0x00007fff7d0d6000 	C:\Windows\System32\bcrypt.dll
0x00007fff74930000 - 0x00007fff7493a000 	C:\Windows\System32\rasadhlp.dll

VM Arguments:
jvm_args: -agentlib:jdwp=transport=dt_socket,suspend=y,address=localhost:58410 -javaagent:C:\spring\eclipse\configuration\org.eclipse.osgi\225\0\.cp\lib\javaagent-shaded.jar -Dfile.encoding=UTF-8 
java_command: com.koreait.hs.level2.ArrayOrder
java_class_path (initial): C:\spring\github\JavaSpring_hs\first\bin;C:\spring\eclipse\configuration\org.eclipse.osgi\225\0\.cp\lib\javaagent-shaded.jar
Launcher Type: SUN_STANDARD

Environment Variables:
PATH=C:/Program Files/Java/jre1.8.0_251/bin/server;C:/Program Files/Java/jre1.8.0_251/bin;C:/Program Files/Java/jre1.8.0_251/lib/amd64;C:\Program Files (x86)\Common Files\Oracle\Java\javapath;C:\app\Administrator\product\11.2.0\dbhome_1\bin;C:\Windows\system32;C:\Windows;C:\Windows\System32\Wbem;C:\Windows\System32\WindowsPowerShell\v1.0\;C:\Windows\System32\OpenSSH\;C:\Program Files\dotnet\;C:\Program Files\ScmmrxClient\Shield\;C:\Program Files (x86)\Brackets\command;C:\Program Files\MySQL\MySQL Shell 8.0\bin\;C:\Users\Administrator\AppData\Local\Programs\Microsoft VS Code\bin;C:\Users\Administrator\AppData\Local\atom\bin;C:\spring\eclipse;
USERNAME=Administrator
OS=Windows_NT
PROCESSOR_IDENTIFIER=Intel64 Family 6 Model 158 Stepping 10, GenuineIntel



---------------  S Y S T E M  ---------------

OS: Windows 10.0 , 64 bit Build 17763 (10.0.17763.1158)

CPU:total 12 (initial active 12) (6 cores per cpu, 2 threads per core) family 6 model 158 stepping 10, cmov, cx8, fxsr, mmx, sse, sse2, sse3, ssse3, sse4.1, sse4.2, popcnt, avx, avx2, aes, clmul, erms, rtm, 3dnowpref, lzcnt, ht, tsc, tscinvbit, bmi1, bmi2, adx

Memory: 4k page, physical 16618436k(12328136k free), swap 16618436k(11311980k free)

vm_info: Java HotSpot(TM) 64-Bit Server VM (25.251-b08) for windows-amd64 JRE (1.8.0_251-b08), built on Mar 12 2020 06:31:49 by "" with MS VC++ 10.0 (VS2010)

time: Tue Jun 16 14:36:52 2020
timezone: 대한민국 표준시
elapsed time: 1020 seconds (0d 0h 17m 0s)

